<?xml version="1.0" encoding="UTF-8"?>
<!-- Generated by org.testng.reporters.JUnitReportReporter -->
<testsuite skipped="0" hostname="DESKTOP-7LT2OFH" name="First" tests="1" failures="0" timestamp="18 אוק 2017 14:10:58 GMT" time="9.560" errors="0">
  <testcase name="flow1" time="9.560" classname="First"/>
</testsuite> <!-- First -->
