<?xml version="1.0" encoding="UTF-8"?>
<!-- Generated by org.testng.reporters.JUnitReportReporter -->
<testsuite skipped="0" hostname="DESKTOP-7LT2OFH" name="Third" tests="1" failures="0" timestamp="18 אוק 2017 14:10:58 GMT" time="6.551" errors="0">
  <testcase name="flow3" time="6.551" classname="Third"/>
</testsuite> <!-- Third -->
